<?xml version="1.0" encoding="UTF-8"?>
<testsuite xmlns:xsi="http://www.w3.org/2001/XMLSchema-instance" xsi:noNamespaceSchemaLocation="https://maven.apache.org/surefire/maven-surefire-plugin/xsd/surefire-test-report.xsd" name="org.example.CalcTest" time="0.008" tests="2" errors="0" skipped="0" failures="0">
  <properties>
    <property name="sun.desktop" value="windows"/>
    <property name="awt.toolkit" value="sun.awt.windows.WToolkit"/>
    <property name="file.encoding.pkg" value="sun.io"/>
    <property name="java.specification.version" value="1.8"/>
    <property name="sun.cpu.isalist" value="amd64"/>
    <property name="sun.jnu.encoding" value="GBK"/>
    <property name="java.class.path" value="D:\159.251\T4\T4\target\test-classes;D:\159.251\T4\T4\target\classes;D:\tools\repository\org\junit\jupiter\junit-jupiter-engine\5.4.0\junit-jupiter-engine-5.4.0.jar;D:\tools\repository\org\apiguardian\apiguardian-api\1.0.0\apiguardian-api-1.0.0.jar;D:\tools\repository\org\junit\platform\junit-platform-engine\1.4.0\junit-platform-engine-1.4.0.jar;D:\tools\repository\org\opentest4j\opentest4j\1.1.1\opentest4j-1.1.1.jar;D:\tools\repository\org\junit\platform\junit-platform-commons\1.4.0\junit-platform-commons-1.4.0.jar;D:\tools\repository\org\junit\jupiter\junit-jupiter-api\5.4.0\junit-jupiter-api-5.4.0.jar;D:\tools\repository\org\junit\jupiter\junit-jupiter\5.10.0\junit-jupiter-5.10.0.jar;D:\tools\repository\org\junit\jupiter\junit-jupiter-params\5.10.0\junit-jupiter-params-5.10.0.jar;"/>
    <property name="java.vm.vendor" value="Oracle Corporation"/>
    <property name="sun.arch.data.model" value="64"/>
    <property name="user.variant" value=""/>
    <property name="java.vendor.url" value="http://java.oracle.com/"/>
    <property name="user.timezone" value="Asia/Shanghai"/>
    <property name="java.vm.specification.version" value="1.8"/>
    <property name="os.name" value="Windows 10"/>
    <property name="user.country" value="CN"/>
    <property name="sun.java.launcher" value="SUN_STANDARD"/>
    <property name="sun.boot.library.path" value="D:\Java\jdk\hspjdk8\jre\bin"/>
    <property name="sun.java.command" value="C:\Users\Lenovo\AppData\Local\Temp\surefire7933555770527553999\surefirebooter1341148526318092598.jar C:\Users\Lenovo\AppData\Local\Temp\surefire7933555770527553999 2023-09-29T22-25-50_311-jvmRun1 surefire7036136222883754559tmp surefire_080360117693465561tmp"/>
    <property name="surefire.test.class.path" value="D:\159.251\T4\T4\target\test-classes;D:\159.251\T4\T4\target\classes;D:\tools\repository\org\junit\jupiter\junit-jupiter-engine\5.4.0\junit-jupiter-engine-5.4.0.jar;D:\tools\repository\org\apiguardian\apiguardian-api\1.0.0\apiguardian-api-1.0.0.jar;D:\tools\repository\org\junit\platform\junit-platform-engine\1.4.0\junit-platform-engine-1.4.0.jar;D:\tools\repository\org\opentest4j\opentest4j\1.1.1\opentest4j-1.1.1.jar;D:\tools\repository\org\junit\platform\junit-platform-commons\1.4.0\junit-platform-commons-1.4.0.jar;D:\tools\repository\org\junit\jupiter\junit-jupiter-api\5.4.0\junit-jupiter-api-5.4.0.jar;D:\tools\repository\org\junit\jupiter\junit-jupiter\5.10.0\junit-jupiter-5.10.0.jar;D:\tools\repository\org\junit\jupiter\junit-jupiter-params\5.10.0\junit-jupiter-params-5.10.0.jar;"/>
    <property name="sun.cpu.endian" value="little"/>
    <property name="user.home" value="C:\Users\Lenovo"/>
    <property name="user.language" value="zh"/>
    <property name="java.specification.vendor" value="Oracle Corporation"/>
    <property name="java.home" value="D:\Java\jdk\hspjdk8\jre"/>
    <property name="basedir" value="D:\159.251\T4\T4"/>
    <property name="file.separator" value="\"/>
    <property name="line.separator" value="&#10;"/>
    <property name="java.vm.specification.vendor" value="Oracle Corporation"/>
    <property name="java.specification.name" value="Java Platform API Specification"/>
    <property name="java.awt.graphicsenv" value="sun.awt.Win32GraphicsEnvironment"/>
    <property name="surefire.real.class.path" value="C:\Users\Lenovo\AppData\Local\Temp\surefire7933555770527553999\surefirebooter1341148526318092598.jar"/>
    <property name="sun.boot.class.path" value="D:\Java\jdk\hspjdk8\jre\lib\resources.jar;D:\Java\jdk\hspjdk8\jre\lib\rt.jar;D:\Java\jdk\hspjdk8\jre\lib\jsse.jar;D:\Java\jdk\hspjdk8\jre\lib\jce.jar;D:\Java\jdk\hspjdk8\jre\lib\charsets.jar;D:\Java\jdk\hspjdk8\jre\lib\jfr.jar;D:\Java\jdk\hspjdk8\jre\classes"/>
    <property name="user.script" value=""/>
    <property name="sun.management.compiler" value="HotSpot 64-Bit Tiered Compilers"/>
    <property name="java.runtime.version" value="1.8.0_361-b09"/>
    <property name="user.name" value="白家臣（本地）"/>
    <property name="path.separator" value=";"/>
    <property name="os.version" value="10.0"/>
    <property name="java.endorsed.dirs" value="D:\Java\jdk\hspjdk8\jre\lib\endorsed"/>
    <property name="java.runtime.name" value="Java(TM) SE Runtime Environment"/>
    <property name="file.encoding" value="GBK"/>
    <property name="java.vm.name" value="Java HotSpot(TM) 64-Bit Server VM"/>
    <property name="localRepository" value="D:\tools\repository"/>
    <property name="java.vendor.url.bug" value="http://bugreport.sun.com/bugreport/"/>
    <property name="java.io.tmpdir" value="C:\Users\Lenovo\AppData\Local\Temp\"/>
    <property name="java.version" value="1.8.0_361"/>
    <property name="user.dir" value="D:\159.251\T4\T4"/>
    <property name="os.arch" value="amd64"/>
    <property name="java.vm.specification.name" value="Java Virtual Machine Specification"/>
    <property name="java.awt.printerjob" value="sun.awt.windows.WPrinterJob"/>
    <property name="sun.os.patch.level" value=""/>
    <property name="java.library.path" value="D:\Java\jdk\hspjdk8\jre\bin;C:\Windows\Sun\Java\bin;C:\Windows\system32;C:\Windows;D:\Java\jdk-19.0.2\bin;D:\Java\jdk-19.0.2\jre\bin;D:\虚拟机\Vmare_v16\bin\;D:;Program Files\MySQL\MySQL Server 8.0\bin;C:\Program Files\Python38\;C:\Program Files\Common Files\Oracle\Java\javapath;C:\Program Files (x86)\Common Files\Oracle\Java\javapath;C:\Windows\system32;C:\Windows;C:\Windows\System32\Wbem;C:\Windows\System32\WindowsPowerShell\v1.0\;C:\Windows\System32\OpenSSH\;C:\Program Files (x86)\NVIDIA Corporation\PhysX\Common;C:\Program Files\NVIDIA Corporation\NVIDIA NvDLISR;D:\Program Files\MingW\mingw64\bin;G:\matlab\runtime\win64;G:\matlab\bin;G:\matlab\polyspace\bin;D:\Program Files\MySQL\MySQL Server 8.0\bin;D:\MATLAB\True\runtime\win64;D:\MATLAB\True\bin;D:\MATLAB\True\polyspace\bin;D:\Program Files\Lingo\Lingo 18.0\;D:\Program Files\Git\Git\cmd;E:\MATLAB\23a\runtime\win64;E:\MATLAB\23a\binD:\maven\apache-maven-3.9.4\bin\bin;D:\Anaconda\anaconda_location\Scripts;D:\Python\py\Scripts\;D:\Python\py\;D:\Java\jdk\hspjdk8\bin;D:\Java\jdk\hspjdk8\jre\bin;C:\Users\Lenovo\AppData\Local\Microsoft\WindowsApps;D:\Program Files\JetBrains\CLion 2021.2.2\bin;D:\VSCode\Microsoft VS Code\bin;D:\maven\apache-maven-3.9.4\bin;D:\Anaconda\anaconda_location;D:\Anaconda\anaconda_location\Library\bin;."/>
    <property name="java.vm.info" value="mixed mode"/>
    <property name="java.vendor" value="Oracle Corporation"/>
    <property name="java.vm.version" value="25.361-b09"/>
    <property name="java.specification.maintenance.version" value="4"/>
    <property name="java.ext.dirs" value="D:\Java\jdk\hspjdk8\jre\lib\ext;C:\Windows\Sun\Java\lib\ext"/>
    <property name="sun.io.unicode.encoding" value="UnicodeLittle"/>
    <property name="java.class.version" value="52.0"/>
  </properties>
  <testcase name="testSubtract" classname="org.example.CalcTest" time="0.005"/>
  <testcase name="testAddition" classname="org.example.CalcTest" time="0"/>
</testsuite>